[
  {
    "line": 2,
    "elements": [
      {
        "line": 6,
        "name": "Open the MACRODroid main activity",
        "description": "",
        "type": "background",
        "keyword": "Background",
        "steps": [
          {
            "result": {
              "duration": 67300791897,
              "status": "passed"
            },
            "line": 7,
            "name": "that carlos open the app MACRODroid in his device",
            "match": {
              "location": "StepsDefinitions.BancolombiaWebPage()"
            },
            "keyword": "Given "
          }
        ]
      },
      {
        "before": [
          {
            "result": {
              "duration": 258025883,
              "status": "passed"
            },
            "match": {
              "location": "StepsDefinitions.setUp()"
            }
          }
        ],
        "line": 10,
        "name": "Adds macros validate",
        "description": "",
        "id": "macrodroid-app-validate;adds-macros-validate",
        "type": "scenario",
        "keyword": "Scenario",
        "steps": [
          {
            "result": {
              "error_message": "net.thucydides.core.webdriver.exceptions.ElementShouldBeEnabledException: Expected enabled element was not enabled\r\n\tat net.serenitybdd.core.pages.WebElementFacadeImpl.waitUntilEnabled(WebElementFacadeImpl.java:963)\r\n\tat net.serenitybdd.core.pages.WebElementFacadeImpl.waitUntilElementAvailable(WebElementFacadeImpl.java:802)\r\n\tat net.serenitybdd.core.pages.WebElementFacadeImpl.click(WebElementFacadeImpl.java:1039)\r\n\tat net.serenitybdd.screenplay.actions.ClickOnTarget.performAs(ClickOnTarget.java:13)\r\n\tat net.serenitybdd.screenplay.actions.ClickOnTarget$$EnhancerByCGLIB$$e3f2ec6d.CGLIB$performAs$0(\u003cgenerated\u003e)\r\n\tat net.serenitybdd.screenplay.actions.ClickOnTarget$$EnhancerByCGLIB$$e3f2ec6d$$FastClassByCGLIB$$eb009f51.invoke(\u003cgenerated\u003e)\r\n\tat net.sf.cglib.proxy.MethodProxy.invokeSuper(MethodProxy.java:228)\r\n\tat net.thucydides.core.steps.StepInterceptor.invokeMethod(StepInterceptor.java:449)\r\n\tat net.thucydides.core.steps.StepInterceptor.executeTestStepMethod(StepInterceptor.java:434)\r\n\tat net.thucydides.core.steps.StepInterceptor.runTestStep(StepInterceptor.java:409)\r\n\tat net.thucydides.core.steps.StepInterceptor.runOrSkipMethod(StepInterceptor.java:150)\r\n\tat net.thucydides.core.steps.StepInterceptor.testStepResult(StepInterceptor.java:137)\r\n\tat net.thucydides.core.steps.StepInterceptor.intercept(StepInterceptor.java:68)\r\n\tat net.serenitybdd.screenplay.actions.ClickOnTarget$$EnhancerByCGLIB$$e3f2ec6d.performAs(\u003cgenerated\u003e)\r\n\tat net.serenitybdd.screenplay.Actor.performTask(Actor.java:176)\r\n\tat net.serenitybdd.screenplay.Actor.perform(Actor.java:157)\r\n\tat net.serenitybdd.screenplay.Actor.attemptsTo(Actor.java:138)\r\n\tat com.accenture.MacrodroidChallenge.tasks.GoTo.performAs(GoTo.java:21)\r\n\tat com.accenture.MacrodroidChallenge.tasks.GoTo$$EnhancerByCGLIB$$580619cd.CGLIB$performAs$0(\u003cgenerated\u003e)\r\n\tat com.accenture.MacrodroidChallenge.tasks.GoTo$$EnhancerByCGLIB$$580619cd$$FastClassByCGLIB$$32eef29d.invoke(\u003cgenerated\u003e)\r\n\tat net.sf.cglib.proxy.MethodProxy.invokeSuper(MethodProxy.java:228)\r\n\tat net.thucydides.core.steps.StepInterceptor.invokeMethod(StepInterceptor.java:449)\r\n\tat net.thucydides.core.steps.StepInterceptor.executeTestStepMethod(StepInterceptor.java:434)\r\n\tat net.thucydides.core.steps.StepInterceptor.runTestStep(StepInterceptor.java:409)\r\n\tat net.thucydides.core.steps.StepInterceptor.runOrSkipMethod(StepInterceptor.java:150)\r\n\tat net.thucydides.core.steps.StepInterceptor.testStepResult(StepInterceptor.java:137)\r\n\tat net.thucydides.core.steps.StepInterceptor.intercept(StepInterceptor.java:68)\r\n\tat com.accenture.MacrodroidChallenge.tasks.GoTo$$EnhancerByCGLIB$$580619cd.performAs(\u003cgenerated\u003e)\r\n\tat net.serenitybdd.screenplay.Actor.performTask(Actor.java:176)\r\n\tat net.serenitybdd.screenplay.Actor.perform(Actor.java:157)\r\n\tat net.serenitybdd.screenplay.Actor.attemptsTo(Actor.java:138)\r\n\tat com.accenture.MacrodroidChallenge.stepsdefinitions.StepsDefinitions.FormWithoutFields(StepsDefinitions.java:40)\r\n\tat âœ½.carlos adds five macros(src/test/resources/features/macros.feature:11)\r\nCaused by: org.openqa.selenium.TimeoutException: Expected condition failed: waiting for By.id: com.arlosoft.macrodroid:id/dialog_wizard_mode_empty_macro_button to be enabled (tried for 5 second(s) with 100 milliseconds interval)\r\n\tat org.openqa.selenium.support.ui.FluentWait.timeoutException(FluentWait.java:315)\r\n\tat org.openqa.selenium.support.ui.FluentWait.until(FluentWait.java:283)\r\n\tat net.serenitybdd.core.pages.WebElementFacadeImpl.waitUntilEnabled(WebElementFacadeImpl.java:960)\r\n\tat net.serenitybdd.core.pages.WebElementFacadeImpl.waitUntilElementAvailable(WebElementFacadeImpl.java:802)\r\n\tat net.serenitybdd.core.pages.WebElementFacadeImpl.click(WebElementFacadeImpl.java:1039)\r\n\tat net.serenitybdd.screenplay.actions.ClickOnTarget.performAs(ClickOnTarget.java:13)\r\n\tat net.serenitybdd.screenplay.actions.ClickOnTarget$$EnhancerByCGLIB$$e3f2ec6d.CGLIB$performAs$0(\u003cgenerated\u003e)\r\n\tat net.serenitybdd.screenplay.actions.ClickOnTarget$$EnhancerByCGLIB$$e3f2ec6d$$FastClassByCGLIB$$eb009f51.invoke(\u003cgenerated\u003e)\r\n\tat net.sf.cglib.proxy.MethodProxy.invokeSuper(MethodProxy.java:228)\r\n\tat net.thucydides.core.steps.StepInterceptor.invokeMethod(StepInterceptor.java:449)\r\n\tat net.thucydides.core.steps.StepInterceptor.executeTestStepMethod(StepInterceptor.java:434)\r\n\tat net.thucydides.core.steps.StepInterceptor.runTestStep(StepInterceptor.java:409)\r\n\tat net.thucydides.core.steps.StepInterceptor.runOrSkipMethod(StepInterceptor.java:150)\r\n\tat net.thucydides.core.steps.StepInterceptor.testStepResult(StepInterceptor.java:137)\r\n\tat net.thucydides.core.steps.StepInterceptor.intercept(StepInterceptor.java:68)\r\n\tat net.serenitybdd.screenplay.actions.ClickOnTarget$$EnhancerByCGLIB$$e3f2ec6d.performAs(\u003cgenerated\u003e)\r\n\tat net.serenitybdd.screenplay.Actor.performTask(Actor.java:176)\r\n\tat net.serenitybdd.screenplay.Actor.perform(Actor.java:157)\r\n\tat net.serenitybdd.screenplay.Actor.attemptsTo(Actor.java:138)\r\n\tat com.accenture.MacrodroidChallenge.tasks.GoTo.performAs(GoTo.java:21)\r\n\tat com.accenture.MacrodroidChallenge.tasks.GoTo$$EnhancerByCGLIB$$580619cd.CGLIB$performAs$0(\u003cgenerated\u003e)\r\n\tat com.accenture.MacrodroidChallenge.tasks.GoTo$$EnhancerByCGLIB$$580619cd$$FastClassByCGLIB$$32eef29d.invoke(\u003cgenerated\u003e)\r\n\tat net.sf.cglib.proxy.MethodProxy.invokeSuper(MethodProxy.java:228)\r\n\tat net.thucydides.core.steps.StepInterceptor.invokeMethod(StepInterceptor.java:449)\r\n\tat net.thucydides.core.steps.StepInterceptor.executeTestStepMethod(StepInterceptor.java:434)\r\n\tat net.thucydides.core.steps.StepInterceptor.runTestStep(StepInterceptor.java:409)\r\n\tat net.thucydides.core.steps.StepInterceptor.runOrSkipMethod(StepInterceptor.java:150)\r\n\tat net.thucydides.core.steps.StepInterceptor.testStepResult(StepInterceptor.java:137)\r\n\tat net.thucydides.core.steps.StepInterceptor.intercept(StepInterceptor.java:68)\r\n\tat com.accenture.MacrodroidChallenge.tasks.GoTo$$EnhancerByCGLIB$$580619cd.performAs(\u003cgenerated\u003e)\r\n\tat net.serenitybdd.screenplay.Actor.performTask(Actor.java:176)\r\n\tat net.serenitybdd.screenplay.Actor.perform(Actor.java:157)\r\n\tat net.serenitybdd.screenplay.Actor.attemptsTo(Actor.java:138)\r\n\tat com.accenture.MacrodroidChallenge.stepsdefinitions.StepsDefinitions.FormWithoutFields(StepsDefinitions.java:40)\r\n\tat sun.reflect.NativeMethodAccessorImpl.invoke0(Native Method)\r\n\tat sun.reflect.NativeMethodAccessorImpl.invoke(Unknown Source)\r\n\tat sun.reflect.DelegatingMethodAccessorImpl.invoke(Unknown Source)\r\n\tat java.lang.reflect.Method.invoke(Unknown Source)\r\n\tat cucumber.runtime.Utils$1.call(Utils.java:31)\r\n\tat cucumber.runtime.Timeout.timeout(Timeout.java:16)\r\n\tat cucumber.runtime.Utils.invoke(Utils.java:25)\r\n\tat cucumber.runtime.java.JavaStepDefinition.execute(JavaStepDefinition.java:37)\r\n\tat cucumber.runtime.StepDefinitionMatch.runStep(StepDefinitionMatch.java:40)\r\n\tat cucumber.api.TestStep.executeStep(TestStep.java:102)\r\n\tat cucumber.api.TestStep.run(TestStep.java:83)\r\n\tat cucumber.api.TestCase.run(TestCase.java:58)\r\n\tat cucumber.runner.Runner.runPickle(Runner.java:80)\r\n\tat cucumber.runtime.junit.PickleRunners$NoStepDescriptions.run(PickleRunners.java:140)\r\n\tat cucumber.runtime.junit.FeatureRunner.runChild(FeatureRunner.java:68)\r\n\tat cucumber.runtime.junit.FeatureRunner.runChild(FeatureRunner.java:23)\r\n\tat org.junit.runners.ParentRunner$3.run(ParentRunner.java:290)\r\n\tat org.junit.runners.ParentRunner$1.schedule(ParentRunner.java:71)\r\n\tat org.junit.runners.ParentRunner.runChildren(ParentRunner.java:288)\r\n\tat org.junit.runners.ParentRunner.access$000(ParentRunner.java:58)\r\n\tat org.junit.runners.ParentRunner$2.evaluate(ParentRunner.java:268)\r\n\tat org.junit.runners.ParentRunner.run(ParentRunner.java:363)\r\n\tat cucumber.runtime.junit.FeatureRunner.run(FeatureRunner.java:73)\r\n\tat cucumber.api.junit.Cucumber.runChild(Cucumber.java:117)\r\n\tat cucumber.api.junit.Cucumber.runChild(Cucumber.java:55)\r\n\tat org.junit.runners.ParentRunner$3.run(ParentRunner.java:290)\r\n\tat org.junit.runners.ParentRunner$1.schedule(ParentRunner.java:71)\r\n\tat org.junit.runners.ParentRunner.runChildren(ParentRunner.java:288)\r\n\tat org.junit.runners.ParentRunner.access$000(ParentRunner.java:58)\r\n\tat org.junit.runners.ParentRunner$2.evaluate(ParentRunner.java:268)\r\n\tat cucumber.api.junit.Cucumber$1.evaluate(Cucumber.java:126)\r\n\tat org.junit.runners.ParentRunner.run(ParentRunner.java:363)\r\n\tat org.eclipse.jdt.internal.junit4.runner.JUnit4TestReference.run(JUnit4TestReference.java:89)\r\n\tat org.eclipse.jdt.internal.junit.runner.TestExecution.run(TestExecution.java:41)\r\n\tat org.eclipse.jdt.internal.junit.runner.RemoteTestRunner.runTests(RemoteTestRunner.java:541)\r\n\tat org.eclipse.jdt.internal.junit.runner.RemoteTestRunner.runTests(RemoteTestRunner.java:763)\r\n\tat org.eclipse.jdt.internal.junit.runner.RemoteTestRunner.run(RemoteTestRunner.java:463)\r\n\tat org.eclipse.jdt.internal.junit.runner.RemoteTestRunner.main(RemoteTestRunner.java:209)\r\nCaused by: org.openqa.selenium.NoSuchElementException: An element could not be located on the page using the given search parameters.\nFor documentation on this error, please visit: http://seleniumhq.org/exceptions/no_such_element.html\nBuild info: version: \u00273.14.0\u0027, revision: \u0027aacccce0\u0027, time: \u00272018-08-02T20:19:58.91Z\u0027\nSystem info: host: \u0027CPX-VMN7YOE5RZS\u0027, ip: \u0027172.20.17.20\u0027, os.name: \u0027Windows 10\u0027, os.arch: \u0027amd64\u0027, os.version: \u002710.0\u0027, java.version: \u00271.8.0_191\u0027\nDriver info: io.appium.java_client.android.AndroidDriver\nCapabilities {app: C:/Users/carlos.guerrero/ec..., appActivity: com.arlosoft.macrodroid.Lau..., appPackage: com.arlosoft.macrodroid, automationName: uiautomator2, databaseEnabled: false, desired: {app: C:/Users/carlos.guerrero/ec..., appActivity: com.arlosoft.macrodroid.Lau..., appPackage: com.arlosoft.macrodroid, automationName: uiautomator2, deviceName: Huawei P20 Lite, hub: http://0.0.0.0:8080/wd/hub, noReset: true, platformName: android, platformVersion: 8.0.0, udid: RQ3005EMCH}, deviceApiLevel: 26, deviceManufacturer: Sony, deviceModel: G3223, deviceName: RQ3005EMCH, deviceScreenDensity: 480, deviceScreenSize: 1080x1920, deviceUDID: RQ3005EMCH, hub: http://0.0.0.0:8080/wd/hub, javascriptEnabled: true, locationContextEnabled: false, networkConnectionEnabled: true, noReset: true, pixelRatio: 3, platform: LINUX, platformName: Android, platformVersion: 8.0.0, statBarHeight: 72, takesScreenshot: true, udid: RQ3005EMCH, viewportRect: {height: 1704, left: 0, top: 72, width: 1080}, warnings: {}, webStorageEnabled: false}\nSession ID: d675c915-ca2b-497c-af7a-c4204759114e\n*** Element info: {Using\u003did, value\u003dcom.arlosoft.macrodroid:id/dialog_wizard_mode_empty_macro_button}\r\n\tat sun.reflect.NativeConstructorAccessorImpl.newInstance0(Native Method)\r\n\tat sun.reflect.NativeConstructorAccessorImpl.newInstance(Unknown Source)\r\n\tat sun.reflect.DelegatingConstructorAccessorImpl.newInstance(Unknown Source)\r\n\tat java.lang.reflect.Constructor.newInstance(Unknown Source)\r\n\tat org.openqa.selenium.remote.http.W3CHttpResponseCodec.createException(W3CHttpResponseCodec.java:187)\r\n\tat org.openqa.selenium.remote.http.W3CHttpResponseCodec.decode(W3CHttpResponseCodec.java:122)\r\n\tat org.openqa.selenium.remote.http.W3CHttpResponseCodec.decode(W3CHttpResponseCodec.java:49)\r\n\tat org.openqa.selenium.remote.HttpCommandExecutor.execute(HttpCommandExecutor.java:158)\r\n\tat io.appium.java_client.remote.AppiumCommandExecutor.execute(AppiumCommandExecutor.java:231)\r\n\tat org.openqa.selenium.remote.RemoteWebDriver.execute(RemoteWebDriver.java:548)\r\n\tat io.appium.java_client.DefaultGenericMobileDriver.execute(DefaultGenericMobileDriver.java:42)\r\n\tat io.appium.java_client.AppiumDriver.execute(AppiumDriver.java:1)\r\n\tat io.appium.java_client.android.AndroidDriver.execute(AndroidDriver.java:1)\r\n\tat org.openqa.selenium.remote.RemoteWebDriver.findElement(RemoteWebDriver.java:322)\r\n\tat io.appium.java_client.DefaultGenericMobileDriver.findElement(DefaultGenericMobileDriver.java:62)\r\n\tat io.appium.java_client.AppiumDriver.findElement(AppiumDriver.java:1)\r\n\tat io.appium.java_client.android.AndroidDriver.findElement(AndroidDriver.java:1)\r\n\tat org.openqa.selenium.remote.RemoteWebDriver.findElementById(RemoteWebDriver.java:368)\r\n\tat io.appium.java_client.DefaultGenericMobileDriver.findElementById(DefaultGenericMobileDriver.java:70)\r\n\tat io.appium.java_client.AppiumDriver.findElementById(AppiumDriver.java:1)\r\n\tat io.appium.java_client.android.AndroidDriver.findElementById(AndroidDriver.java:1)\r\n\tat org.openqa.selenium.By$ById.findElement(By.java:188)\r\n\tat org.openqa.selenium.remote.RemoteWebDriver.findElement(RemoteWebDriver.java:314)\r\n\tat io.appium.java_client.DefaultGenericMobileDriver.findElement(DefaultGenericMobileDriver.java:58)\r\n\tat io.appium.java_client.AppiumDriver.findElement(AppiumDriver.java:1)\r\n\tat io.appium.java_client.android.AndroidDriver.findElement(AndroidDriver.java:1)\r\n\tat net.thucydides.core.webdriver.WebDriverFacade.findElement(WebDriverFacade.java:231)\r\n\tat net.serenitybdd.core.pages.WebElementResolverByLocator.resolveForDriver(WebElementResolverByLocator.java:16)\r\n\tat net.serenitybdd.core.pages.WebElementFacadeImpl.getElement(WebElementFacadeImpl.java:208)\r\n\tat net.serenitybdd.core.pages.WebElementExpectations$3.apply(WebElementExpectations.java:63)\r\n\tat net.serenitybdd.core.pages.WebElementExpectations$3.apply(WebElementExpectations.java:55)\r\n\tat org.openqa.selenium.support.ui.FluentWait.until(FluentWait.java:260)\r\n\t... 70 more\r\n",
              "duration": 11695236198,
              "status": "failed"
            },
            "line": 11,
            "name": "carlos adds five macros",
            "match": {
              "location": "StepsDefinitions.FormWithoutFields()"
            },
            "keyword": "When "
          },
          {
            "result": {
              "status": "skipped"
            },
            "line": 12,
            "name": "carlos waits for the create confirmation",
            "match": {
              "location": "StepsDefinitions.CheckWarningsFields()"
            },
            "keyword": "Then "
          }
        ],
        "tags": [
          {
            "name": "@Feature1"
          },
          {
            "name": "@tag1"
          }
        ]
      }
    ],
    "name": "MACRODroid app validate",
    "description": "As a mobile user\nI want to validate the MACRODroid app functionality  ",
    "id": "macrodroid-app-validate",
    "keyword": "Feature",
    "uri": "src/test/resources/features/macros.feature",
    "tags": [
      {
        "name": "@Feature1",
        "type": "Tag",
        "location": {
          "line": 1,
          "column": 1
        }
      }
    ]
  }
]